Using pre-set license
Built from '2020.3/staging' branch; Version is '2020.3.10f1 (297d780c91bc) revision 2719096'; Using compiler version '192528614'; Build Type 'Release'
OS: 'Windows 10 Pro N; OS build 19042.1052; Version 2009; 64bit' Language: 'en' Physical Memory: 16315 MB
BatchMode: 1, IsHumanControllingUs: 0, StartBugReporterOnCrash: 0, Is64bit: 1, IsPro: 0

 COMMAND LINE ARGUMENTS:
D:\Unity\Unity Editor\2020.3.10f1\Editor\Unity.exe
-adb2
-batchMode
-noUpm
-name
AssetImportWorker0
-projectPath
D:/Unity_Games/Udemy 2D Platformer
-logFile
Logs/AssetImportWorker0.log
-srvPort
62314
Successfully changed project path to: D:/Unity_Games/Udemy 2D Platformer
D:/Unity_Games/Udemy 2D Platformer
Using Asset Import Pipeline V2.
Refreshing native plugins compatible for Editor in 28.98 ms, found 2 plugins.
Preloading 0 native plugins for Editor in 0.00 ms.
Initialize engine version: 2020.3.10f1 (297d780c91bc)
[Subsystems] Discovering subsystems at path D:/Unity/Unity Editor/2020.3.10f1/Editor/Data/Resources/UnitySubsystems
[Subsystems] Discovering subsystems at path D:/Unity_Games/Udemy 2D Platformer/Assets
GfxDevice: creating device client; threaded=0
Direct3D:
    Version:  Direct3D 11.0 [level 11.1]
    Renderer: NVIDIA GeForce GTX 1050 Ti (ID=0x1c82)
    Vendor:   
    VRAM:     4018 MB
    Driver:   27.21.14.5671
Initialize mono
Mono path[0] = 'D:/Unity/Unity Editor/2020.3.10f1/Editor/Data/Managed'
Mono path[1] = 'D:/Unity/Unity Editor/2020.3.10f1/Editor/Data/MonoBleedingEdge/lib/mono/unityjit'
Mono config path = 'D:/Unity/Unity Editor/2020.3.10f1/Editor/Data/MonoBleedingEdge/etc'
Using monoOptions --debugger-agent=transport=dt_socket,embedding=1,server=y,suspend=n,address=127.0.0.1:56104
Begin MonoManager ReloadAssembly
Registering precompiled unity dll's ...
Register platform support module: D:/Unity/Unity Editor/2020.3.10f1/Editor/Data/PlaybackEngines/WebGLSupport/UnityEditor.WebGL.Extensions.dll
Register platform support module: D:/Unity/Unity Editor/2020.3.10f1/Editor/Data/PlaybackEngines/WindowsStandaloneSupport/UnityEditor.WindowsStandalone.Extensions.dll
Registered in 0.001130 seconds.
Native extension for WindowsStandalone target not found
Native extension for WebGL target not found
Refreshing native plugins compatible for Editor in 28.60 ms, found 2 plugins.
Preloading 0 native plugins for Editor in 0.00 ms.
Mono: successfully reloaded assembly
- Completed reload, in  1.371 seconds
Platform modules already initialized, skipping
Registering precompiled user dll's ...
Registered in 0.002229 seconds.
Begin MonoManager ReloadAssembly
Native extension for WindowsStandalone target not found
Native extension for WebGL target not found
Refreshing native plugins compatible for Editor in 0.39 ms, found 2 plugins.
Preloading 0 native plugins for Editor in 0.00 ms.
Mono: successfully reloaded assembly
- Completed reload, in  0.846 seconds
Platform modules already initialized, skipping
========================================================================
Worker process is ready to serve import requests
Launched and connected shader compiler UnityShaderCompiler.exe after 0.04 seconds
Refreshing native plugins compatible for Editor in 0.39 ms, found 2 plugins.
Preloading 0 native plugins for Editor in 0.00 ms.
Unloading 1493 Unused Serialized files (Serialized files now loaded: 0)
System memory in use before: 68.9 MB.
System memory in use after: 69.0 MB.

Unloading 22 unused Assets to reduce memory usage. Loaded Objects now: 1931.
Total: 1.943200 ms (FindLiveObjects: 0.181400 ms CreateObjectMapping: 0.038000 ms MarkObjects: 1.656900 ms  DeleteObjects: 0.066100 ms)

========================================================================
Received Prepare
Registering precompiled user dll's ...
Registered in 0.002172 seconds.
Begin MonoManager ReloadAssembly
Native extension for WindowsStandalone target not found
Native extension for WebGL target not found
Refreshing native plugins compatible for Editor in 0.40 ms, found 2 plugins.
Preloading 0 native plugins for Editor in 0.00 ms.
Mono: successfully reloaded assembly
- Completed reload, in  0.795 seconds
Platform modules already initialized, skipping
Refreshing native plugins compatible for Editor in 0.40 ms, found 2 plugins.
Preloading 0 native plugins for Editor in 0.00 ms.
Unloading 1488 Unused Serialized files (Serialized files now loaded: 0)
System memory in use before: 68.8 MB.
System memory in use after: 68.9 MB.

Unloading 13 unused Assets to reduce memory usage. Loaded Objects now: 1934.
Total: 1.774800 ms (FindLiveObjects: 0.183100 ms CreateObjectMapping: 0.037200 ms MarkObjects: 1.540200 ms  DeleteObjects: 0.013200 ms)

========================================================================
Received Import Request.
  path: Assets/Tiles
  artifactKey: Guid(96b0eb5b57c8ca34e8da01e887a6a7ac) Importer(815301076,1909f56bfc062723c751e8b465ee728b)
Start importing Assets/Tiles using Guid(96b0eb5b57c8ca34e8da01e887a6a7ac) Importer(815301076,1909f56bfc062723c751e8b465ee728b)  -> (artifact id: '58ebceed3b348fc3fc66dc14a3991220') in 0.009280 seconds
  Import took 0.012124 seconds .

========================================================================
Received Import Request.
  Time since last request: 0.368098 seconds.
  path: Assets/Scripts
  artifactKey: Guid(8983ff31dab0ed64da1a4c774ccf5743) Importer(815301076,1909f56bfc062723c751e8b465ee728b)
Start importing Assets/Scripts using Guid(8983ff31dab0ed64da1a4c774ccf5743) Importer(815301076,1909f56bfc062723c751e8b465ee728b)  -> (artifact id: 'bbeb1b4c1c0d00000cdb92420490f4b3') in 0.005901 seconds
  Import took 0.008493 seconds .

========================================================================
Received Import Request.
  Time since last request: 0.975439 seconds.
  path: Assets/2D Platformer Assets
  artifactKey: Guid(8a46c726a3286ec4fb9beaf8203f36b2) Importer(815301076,1909f56bfc062723c751e8b465ee728b)
Start importing Assets/2D Platformer Assets using Guid(8a46c726a3286ec4fb9beaf8203f36b2) Importer(815301076,1909f56bfc062723c751e8b465ee728b)  -> (artifact id: '9ebdd1a3ea2306b42f3faaffb7c78303') in 0.005865 seconds
  Import took 0.008346 seconds .

========================================================================
Received Import Request.
  Time since last request: 0.556746 seconds.
  path: Assets/Animations
  artifactKey: Guid(2a32daa662b41754ba05b0b0e86a99b2) Importer(815301076,1909f56bfc062723c751e8b465ee728b)
Start importing Assets/Animations using Guid(2a32daa662b41754ba05b0b0e86a99b2) Importer(815301076,1909f56bfc062723c751e8b465ee728b)  -> (artifact id: '73be93dc242cb1e866a0a4fa9c91f411') in 0.006732 seconds
  Import took 0.009329 seconds .

========================================================================
Received Import Request.
  Time since last request: 9.394811 seconds.
  path: Assets/2D Platformer Assets/Audio
  artifactKey: Guid(6d25fbc4d3f559a478884e32a11f2c00) Importer(815301076,1909f56bfc062723c751e8b465ee728b)
Start importing Assets/2D Platformer Assets/Audio using Guid(6d25fbc4d3f559a478884e32a11f2c00) Importer(815301076,1909f56bfc062723c751e8b465ee728b)  -> (artifact id: '4470c38aa7902640be5586c07acad7d1') in 0.006799 seconds
  Import took 0.009394 seconds .

========================================================================
Received Import Request.
  Time since last request: 2.164784 seconds.
  path: Assets/2D Platformer Assets/Audio/Sound Effects
  artifactKey: Guid(3dc2448a6e5076340a8afb7750eae545) Importer(815301076,1909f56bfc062723c751e8b465ee728b)
Start importing Assets/2D Platformer Assets/Audio/Sound Effects using Guid(3dc2448a6e5076340a8afb7750eae545) Importer(815301076,1909f56bfc062723c751e8b465ee728b)  -> (artifact id: 'fbea5c23dfd2a4d83f80dff1b35b25de') in 0.008337 seconds
  Import took 0.010919 seconds .

========================================================================
Received Import Request.
  Time since last request: 0.055010 seconds.
  path: Assets/2D Platformer Assets/Audio/Sound Effects/Boss Hit.wav
  artifactKey: Guid(ee289ae1d683aeb47809616bd545321f) Importer(815301076,1909f56bfc062723c751e8b465ee728b)
Start importing Assets/2D Platformer Assets/Audio/Sound Effects/Boss Hit.wav using Guid(ee289ae1d683aeb47809616bd545321f) Importer(815301076,1909f56bfc062723c751e8b465ee728b)  -> (artifact id: '1e96245d6d5bf17a503b89f58cdafaad') in 0.076717 seconds
  Import took 0.079351 seconds .

========================================================================
Received Import Request.
  Time since last request: 0.000197 seconds.
  path: Assets/2D Platformer Assets/Audio/Sound Effects/Boss Impact.wav
  artifactKey: Guid(93f3bffd5325acf418af5e9ef0c65633) Importer(815301076,1909f56bfc062723c751e8b465ee728b)
Start importing Assets/2D Platformer Assets/Audio/Sound Effects/Boss Impact.wav using Guid(93f3bffd5325acf418af5e9ef0c65633) Importer(815301076,1909f56bfc062723c751e8b465ee728b)  -> (artifact id: '0bbaec8d2c5174c3c656d15ae17d3cf4') in 0.011492 seconds
  Import took 0.014321 seconds .

========================================================================
Received Import Request.
  Time since last request: 0.000200 seconds.
  path: Assets/2D Platformer Assets/Audio/Sound Effects/Enemy Explode.wav
  artifactKey: Guid(dc40711d94f1bcf42988f2befb22119b) Importer(815301076,1909f56bfc062723c751e8b465ee728b)
Start importing Assets/2D Platformer Assets/Audio/Sound Effects/Enemy Explode.wav using Guid(dc40711d94f1bcf42988f2befb22119b) Importer(815301076,1909f56bfc062723c751e8b465ee728b)  -> (artifact id: '719c82202194da05c12fe2a04b38502e') in 0.015994 seconds
  Import took 0.018481 seconds .

========================================================================
Received Import Request.
  Time since last request: 0.000156 seconds.
  path: Assets/2D Platformer Assets/Audio/Sound Effects/Player Jump.wav
  artifactKey: Guid(f62b85f9911a2e940a860a168aa83329) Importer(815301076,1909f56bfc062723c751e8b465ee728b)
Start importing Assets/2D Platformer Assets/Audio/Sound Effects/Player Jump.wav using Guid(f62b85f9911a2e940a860a168aa83329) Importer(815301076,1909f56bfc062723c751e8b465ee728b)  -> (artifact id: 'a44ae671e59c943df7712e6928a3088e') in 0.013283 seconds
  Import took 0.015892 seconds .

========================================================================
Received Import Request.
  Time since last request: 0.000222 seconds.
  path: Assets/2D Platformer Assets/Audio/Sound Effects/Boss Shot.wav
  artifactKey: Guid(b82fcf2db2812204c85407eec15f8328) Importer(815301076,1909f56bfc062723c751e8b465ee728b)
Start importing Assets/2D Platformer Assets/Audio/Sound Effects/Boss Shot.wav using Guid(b82fcf2db2812204c85407eec15f8328) Importer(815301076,1909f56bfc062723c751e8b465ee728b)  -> (artifact id: '8b4bdd767773ee4f7a7c7e37a23637ac') in 0.011325 seconds
  Import took 0.014357 seconds .

========================================================================
Received Import Request.
  Time since last request: 0.000190 seconds.
  path: Assets/2D Platformer Assets/Audio/Sound Effects/Player Death.wav
  artifactKey: Guid(f7faa367df8ac0c47bb04fc0fa499e74) Importer(815301076,1909f56bfc062723c751e8b465ee728b)
Start importing Assets/2D Platformer Assets/Audio/Sound Effects/Player Death.wav using Guid(f7faa367df8ac0c47bb04fc0fa499e74) Importer(815301076,1909f56bfc062723c751e8b465ee728b)  -> (artifact id: '82e5aaca563c20b0d6e7da3a862c97cd') in 0.010311 seconds
  Import took 0.013229 seconds .

========================================================================
Received Import Request.
  Time since last request: 0.000159 seconds.
  path: Assets/2D Platformer Assets/Audio/Sound Effects/Pickup Gem.wav
  artifactKey: Guid(cc90dc27dc00d9d488db4c35489dcd18) Importer(815301076,1909f56bfc062723c751e8b465ee728b)
Start importing Assets/2D Platformer Assets/Audio/Sound Effects/Pickup Gem.wav using Guid(cc90dc27dc00d9d488db4c35489dcd18) Importer(815301076,1909f56bfc062723c751e8b465ee728b)  -> (artifact id: 'cf4debbfbde62a64a9c4ac0858eb0d2b') in 0.009387 seconds
  Import took 0.011730 seconds .

========================================================================
Received Import Request.
  Time since last request: 0.000252 seconds.
  path: Assets/2D Platformer Assets/Audio/Sound Effects/Player Hurt.wav
  artifactKey: Guid(a39f2fa37f465714990e379c544d66ba) Importer(815301076,1909f56bfc062723c751e8b465ee728b)
Start importing Assets/2D Platformer Assets/Audio/Sound Effects/Player Hurt.wav using Guid(a39f2fa37f465714990e379c544d66ba) Importer(815301076,1909f56bfc062723c751e8b465ee728b)  -> (artifact id: 'd0efcd2e16aab907a38ca8478bd03080') in 0.010775 seconds
  Import took 0.013469 seconds .

========================================================================
Received Import Request.
  Time since last request: 0.000237 seconds.
  path: Assets/2D Platformer Assets/Audio/Sound Effects/Level Selected.wav
  artifactKey: Guid(ecf58a5c7d2791f4997eabc8fb3e355b) Importer(815301076,1909f56bfc062723c751e8b465ee728b)
Start importing Assets/2D Platformer Assets/Audio/Sound Effects/Level Selected.wav using Guid(ecf58a5c7d2791f4997eabc8fb3e355b) Importer(815301076,1909f56bfc062723c751e8b465ee728b)  -> (artifact id: '16ed7cde6609181d69d9a0235e15f32c') in 0.011801 seconds
  Import took 0.014758 seconds .

========================================================================
Received Import Request.
  Time since last request: 0.000171 seconds.
  path: Assets/2D Platformer Assets/Audio/Sound Effects/Map Movement.wav
  artifactKey: Guid(79885f87faa9e424e802f7a808b64aa4) Importer(815301076,1909f56bfc062723c751e8b465ee728b)
Start importing Assets/2D Platformer Assets/Audio/Sound Effects/Map Movement.wav using Guid(79885f87faa9e424e802f7a808b64aa4) Importer(815301076,1909f56bfc062723c751e8b465ee728b)  -> (artifact id: '10f301963167fd75ccb7c1ca9df581d6') in 0.010075 seconds
  Import took 0.012401 seconds .

========================================================================
Received Import Request.
  Time since last request: 0.000194 seconds.
  path: Assets/2D Platformer Assets/Audio/Sound Effects/Pickup Health.wav
  artifactKey: Guid(00eaa619228f92c4f8cf7f71aff094da) Importer(815301076,1909f56bfc062723c751e8b465ee728b)
Start importing Assets/2D Platformer Assets/Audio/Sound Effects/Pickup Health.wav using Guid(00eaa619228f92c4f8cf7f71aff094da) Importer(815301076,1909f56bfc062723c751e8b465ee728b)  -> (artifact id: 'ecd857343e524fa7c058266d8c6a1544') in 0.010589 seconds
  Import took 0.012939 seconds .

========================================================================
Received Import Request.
  Time since last request: 0.000227 seconds.
  path: Assets/2D Platformer Assets/Audio/Sound Effects/Warp Jingle.wav
  artifactKey: Guid(354a0e65ffdcc384192c4fb397a1373c) Importer(815301076,1909f56bfc062723c751e8b465ee728b)
Start importing Assets/2D Platformer Assets/Audio/Sound Effects/Warp Jingle.wav using Guid(354a0e65ffdcc384192c4fb397a1373c) Importer(815301076,1909f56bfc062723c751e8b465ee728b)  -> (artifact id: '323d9c69b930aa32cde9e9effa82dae0') in 0.011070 seconds
  Import took 0.013969 seconds .

========================================================================
Received Prepare
Registering precompiled user dll's ...
Registered in 0.002330 seconds.
Begin MonoManager ReloadAssembly
Native extension for WindowsStandalone target not found
Native extension for WebGL target not found
Refreshing native plugins compatible for Editor in 0.40 ms, found 2 plugins.
Preloading 0 native plugins for Editor in 0.00 ms.
Mono: successfully reloaded assembly
- Completed reload, in  0.797 seconds
Platform modules already initialized, skipping
Refreshing native plugins compatible for Editor in 0.39 ms, found 2 plugins.
Preloading 0 native plugins for Editor in 0.00 ms.
Unloading 1488 Unused Serialized files (Serialized files now loaded: 0)
System memory in use before: 72.0 MB.
System memory in use after: 72.1 MB.

Unloading 13 unused Assets to reduce memory usage. Loaded Objects now: 1946.
Total: 1.894700 ms (FindLiveObjects: 0.188100 ms CreateObjectMapping: 0.043800 ms MarkObjects: 1.644500 ms  DeleteObjects: 0.016600 ms)

========================================================================
Received Import Request.
  Time since last request: 6.768236 seconds.
  path: Assets/2D Platformer Assets/Audio/Sound Effects/Boss Impact.wav
  artifactKey: Guid(93f3bffd5325acf418af5e9ef0c65633) Importer(815301076,1909f56bfc062723c751e8b465ee728b)
Start importing Assets/2D Platformer Assets/Audio/Sound Effects/Boss Impact.wav using Guid(93f3bffd5325acf418af5e9ef0c65633) Importer(815301076,1909f56bfc062723c751e8b465ee728b)  -> (artifact id: '67e00f3fd578eee7a07f160dd90438fa') in 0.036175 seconds
  Import took 0.038599 seconds .

========================================================================
Received Import Request.
  Time since last request: 0.000186 seconds.
  path: Assets/2D Platformer Assets/Audio/Sound Effects/Enemy Explode.wav
  artifactKey: Guid(dc40711d94f1bcf42988f2befb22119b) Importer(815301076,1909f56bfc062723c751e8b465ee728b)
Start importing Assets/2D Platformer Assets/Audio/Sound Effects/Enemy Explode.wav using Guid(dc40711d94f1bcf42988f2befb22119b) Importer(815301076,1909f56bfc062723c751e8b465ee728b)  -> (artifact id: '286049972d81edf47ab45116e2458c4b') in 0.005043 seconds
  Import took 0.007261 seconds .

========================================================================
Received Import Request.
  Time since last request: 0.000203 seconds.
  path: Assets/2D Platformer Assets/Audio/Sound Effects/Player Jump.wav
  artifactKey: Guid(f62b85f9911a2e940a860a168aa83329) Importer(815301076,1909f56bfc062723c751e8b465ee728b)
Start importing Assets/2D Platformer Assets/Audio/Sound Effects/Player Jump.wav using Guid(f62b85f9911a2e940a860a168aa83329) Importer(815301076,1909f56bfc062723c751e8b465ee728b)  -> (artifact id: '06c1219cff847e242329db38917ab436') in 0.005598 seconds
  Import took 0.007828 seconds .

========================================================================
Received Import Request.
  Time since last request: 0.000195 seconds.
  path: Assets/2D Platformer Assets/Audio/Sound Effects/Boss Hit.wav
  artifactKey: Guid(ee289ae1d683aeb47809616bd545321f) Importer(815301076,1909f56bfc062723c751e8b465ee728b)
Start importing Assets/2D Platformer Assets/Audio/Sound Effects/Boss Hit.wav using Guid(ee289ae1d683aeb47809616bd545321f) Importer(815301076,1909f56bfc062723c751e8b465ee728b)  -> (artifact id: 'ca94cc5989f831a7d8e7c3155a8b5751') in 0.005005 seconds
  Import took 0.007493 seconds .

========================================================================
Received Import Request.
  Time since last request: 0.000187 seconds.
  path: Assets/2D Platformer Assets/Audio/Sound Effects/Boss Shot.wav
  artifactKey: Guid(b82fcf2db2812204c85407eec15f8328) Importer(815301076,1909f56bfc062723c751e8b465ee728b)
Start importing Assets/2D Platformer Assets/Audio/Sound Effects/Boss Shot.wav using Guid(b82fcf2db2812204c85407eec15f8328) Importer(815301076,1909f56bfc062723c751e8b465ee728b)  -> (artifact id: '773dd2800264f730f4a74be6832079a8') in 0.005843 seconds
  Import took 0.008310 seconds .

========================================================================
Received Import Request.
  Time since last request: 0.000199 seconds.
  path: Assets/2D Platformer Assets/Audio/Sound Effects/Player Death.wav
  artifactKey: Guid(f7faa367df8ac0c47bb04fc0fa499e74) Importer(815301076,1909f56bfc062723c751e8b465ee728b)
Start importing Assets/2D Platformer Assets/Audio/Sound Effects/Player Death.wav using Guid(f7faa367df8ac0c47bb04fc0fa499e74) Importer(815301076,1909f56bfc062723c751e8b465ee728b)  -> (artifact id: 'a585d54879c725758c88d340f8304731') in 0.004904 seconds
  Import took 0.007259 seconds .

========================================================================
Received Import Request.
  Time since last request: 0.000177 seconds.
  path: Assets/2D Platformer Assets/Audio/Sound Effects/Pickup Gem.wav
  artifactKey: Guid(cc90dc27dc00d9d488db4c35489dcd18) Importer(815301076,1909f56bfc062723c751e8b465ee728b)
Start importing Assets/2D Platformer Assets/Audio/Sound Effects/Pickup Gem.wav using Guid(cc90dc27dc00d9d488db4c35489dcd18) Importer(815301076,1909f56bfc062723c751e8b465ee728b)  -> (artifact id: '4147b30fa85608210e08d1a5341f63a3') in 0.008820 seconds
  Import took 0.011248 seconds .

========================================================================
Received Import Request.
  Time since last request: 0.000179 seconds.
  path: Assets/2D Platformer Assets/Audio/Sound Effects/Player Hurt.wav
  artifactKey: Guid(a39f2fa37f465714990e379c544d66ba) Importer(815301076,1909f56bfc062723c751e8b465ee728b)
Start importing Assets/2D Platformer Assets/Audio/Sound Effects/Player Hurt.wav using Guid(a39f2fa37f465714990e379c544d66ba) Importer(815301076,1909f56bfc062723c751e8b465ee728b)  -> (artifact id: '86d3610a082292f193f8067e1b7fd4cb') in 0.005311 seconds
  Import took 0.007574 seconds .

========================================================================
Received Import Request.
  Time since last request: 0.000180 seconds.
  path: Assets/2D Platformer Assets/Audio/Sound Effects/Level Selected.wav
  artifactKey: Guid(ecf58a5c7d2791f4997eabc8fb3e355b) Importer(815301076,1909f56bfc062723c751e8b465ee728b)
Start importing Assets/2D Platformer Assets/Audio/Sound Effects/Level Selected.wav using Guid(ecf58a5c7d2791f4997eabc8fb3e355b) Importer(815301076,1909f56bfc062723c751e8b465ee728b)  -> (artifact id: '0c236fa09d0a9cd779bc6f1eb32da185') in 0.005118 seconds
  Import took 0.007395 seconds .

========================================================================
Received Import Request.
  Time since last request: 0.000190 seconds.
  path: Assets/2D Platformer Assets/Audio/Sound Effects/Map Movement.wav
  artifactKey: Guid(79885f87faa9e424e802f7a808b64aa4) Importer(815301076,1909f56bfc062723c751e8b465ee728b)
Start importing Assets/2D Platformer Assets/Audio/Sound Effects/Map Movement.wav using Guid(79885f87faa9e424e802f7a808b64aa4) Importer(815301076,1909f56bfc062723c751e8b465ee728b)  -> (artifact id: 'a006bddd613e02a8913bf51f1bd295ed') in 0.005304 seconds
  Import took 0.007691 seconds .

========================================================================
Received Import Request.
  Time since last request: 0.000176 seconds.
  path: Assets/2D Platformer Assets/Audio/Sound Effects/Pickup Health.wav
  artifactKey: Guid(00eaa619228f92c4f8cf7f71aff094da) Importer(815301076,1909f56bfc062723c751e8b465ee728b)
Start importing Assets/2D Platformer Assets/Audio/Sound Effects/Pickup Health.wav using Guid(00eaa619228f92c4f8cf7f71aff094da) Importer(815301076,1909f56bfc062723c751e8b465ee728b)  -> (artifact id: 'bd4802fbeb9e8a5bcbb9c76b354543a3') in 0.008065 seconds
  Import took 0.010330 seconds .

========================================================================
Received Import Request.
  Time since last request: 0.000177 seconds.
  path: Assets/2D Platformer Assets/Audio/Sound Effects/Warp Jingle.wav
  artifactKey: Guid(354a0e65ffdcc384192c4fb397a1373c) Importer(815301076,1909f56bfc062723c751e8b465ee728b)
Start importing Assets/2D Platformer Assets/Audio/Sound Effects/Warp Jingle.wav using Guid(354a0e65ffdcc384192c4fb397a1373c) Importer(815301076,1909f56bfc062723c751e8b465ee728b)  -> (artifact id: '7a53165f06f78184b8b658de35c5a625') in 0.004986 seconds
  Import took 0.007147 seconds .

========================================================================
Received Import Request.
  Time since last request: 3.293579 seconds.
  path: Assets/2D Platformer Assets/Graphics
  artifactKey: Guid(75c810de16a0ee84fbb6e24f55502cf7) Importer(815301076,1909f56bfc062723c751e8b465ee728b)
Start importing Assets/2D Platformer Assets/Graphics using Guid(75c810de16a0ee84fbb6e24f55502cf7) Importer(815301076,1909f56bfc062723c751e8b465ee728b)  -> (artifact id: 'cd11c026e65ecfd9bae01b25f646a70d') in 0.006038 seconds
  Import took 0.008792 seconds .

========================================================================
Received Import Request.
  Time since last request: 2.765759 seconds.
  path: Assets/2D Platformer Assets/Starter_Scene.unity
  artifactKey: Guid(12eaea94eaebc5e459e49753ddfd1f78) Importer(815301076,1909f56bfc062723c751e8b465ee728b)
Start importing Assets/2D Platformer Assets/Starter_Scene.unity using Guid(12eaea94eaebc5e459e49753ddfd1f78) Importer(815301076,1909f56bfc062723c751e8b465ee728b)  -> (artifact id: '21b8604e0876060455961fa0ae11d131') in 0.006554 seconds
  Import took 0.009321 seconds .

========================================================================
Received Import Request.
  Time since last request: 3.630724 seconds.
  path: Assets/2D Platformer Assets/Font
  artifactKey: Guid(85d15c327838cf84196393243f00d1ad) Importer(815301076,1909f56bfc062723c751e8b465ee728b)
Start importing Assets/2D Platformer Assets/Font using Guid(85d15c327838cf84196393243f00d1ad) Importer(815301076,1909f56bfc062723c751e8b465ee728b)  -> (artifact id: '29f787dbd09740fd94c3b5d456a940e6') in 0.006239 seconds
  Import took 0.008800 seconds .

========================================================================
Received Prepare
Registering precompiled user dll's ...
Registered in 0.002135 seconds.
Begin MonoManager ReloadAssembly
Native extension for WindowsStandalone target not found
Native extension for WebGL target not found
Refreshing native plugins compatible for Editor in 0.40 ms, found 2 plugins.
Preloading 0 native plugins for Editor in 0.00 ms.
Mono: successfully reloaded assembly
- Completed reload, in  0.786 seconds
Platform modules already initialized, skipping
Refreshing native plugins compatible for Editor in 0.40 ms, found 2 plugins.
Preloading 0 native plugins for Editor in 0.00 ms.
Unloading 1488 Unused Serialized files (Serialized files now loaded: 0)
System memory in use before: 72.1 MB.
System memory in use after: 72.2 MB.

Unloading 13 unused Assets to reduce memory usage. Loaded Objects now: 1950.
Total: 1.821500 ms (FindLiveObjects: 0.191100 ms CreateObjectMapping: 0.039100 ms MarkObjects: 1.576800 ms  DeleteObjects: 0.013500 ms)

========================================================================
Received Import Request.
  Time since last request: 51.619773 seconds.
  path: Assets/Scenes/Level Select.unity
  artifactKey: Guid(dab9ea2a07011e04aa0875bfc1c3da8f) Importer(815301076,1909f56bfc062723c751e8b465ee728b)
Start importing Assets/Scenes/Level Select.unity using Guid(dab9ea2a07011e04aa0875bfc1c3da8f) Importer(815301076,1909f56bfc062723c751e8b465ee728b)  -> (artifact id: '9bdb01941b9f1e2dd5740a9b01723fd7') in 0.012721 seconds
  Import took 0.015301 seconds .

========================================================================
Received Prepare
Registering precompiled user dll's ...
Registered in 0.002313 seconds.
Begin MonoManager ReloadAssembly
Native extension for WindowsStandalone target not found
Native extension for WebGL target not found
Refreshing native plugins compatible for Editor in 0.40 ms, found 2 plugins.
Preloading 0 native plugins for Editor in 0.00 ms.
Mono: successfully reloaded assembly
- Completed reload, in  0.799 seconds
Platform modules already initialized, skipping
Refreshing native plugins compatible for Editor in 0.41 ms, found 2 plugins.
Preloading 0 native plugins for Editor in 0.00 ms.
Unloading 1488 Unused Serialized files (Serialized files now loaded: 0)
System memory in use before: 72.1 MB.
System memory in use after: 72.2 MB.

Unloading 13 unused Assets to reduce memory usage. Loaded Objects now: 1953.
Total: 1.929100 ms (FindLiveObjects: 0.179400 ms CreateObjectMapping: 0.043700 ms MarkObjects: 1.684000 ms  DeleteObjects: 0.020300 ms)

========================================================================
Received Prepare
Registering precompiled user dll's ...
Registered in 0.002205 seconds.
Begin MonoManager ReloadAssembly
Native extension for WindowsStandalone target not found
Native extension for WebGL target not found
Refreshing native plugins compatible for Editor in 0.41 ms, found 2 plugins.
Preloading 0 native plugins for Editor in 0.00 ms.
Mono: successfully reloaded assembly
- Completed reload, in  0.794 seconds
Platform modules already initialized, skipping
Refreshing native plugins compatible for Editor in 0.39 ms, found 2 plugins.
Preloading 0 native plugins for Editor in 0.00 ms.
Unloading 1488 Unused Serialized files (Serialized files now loaded: 0)
System memory in use before: 72.1 MB.
System memory in use after: 72.2 MB.

Unloading 13 unused Assets to reduce memory usage. Loaded Objects now: 1956.
Total: 1.856100 ms (FindLiveObjects: 0.180900 ms CreateObjectMapping: 0.053900 ms MarkObjects: 1.605800 ms  DeleteObjects: 0.014500 ms)

========================================================================
Received Prepare
Registering precompiled user dll's ...
Registered in 0.002202 seconds.
Begin MonoManager ReloadAssembly
Native extension for WindowsStandalone target not found
Native extension for WebGL target not found
Refreshing native plugins compatible for Editor in 0.41 ms, found 2 plugins.
Preloading 0 native plugins for Editor in 0.00 ms.
Mono: successfully reloaded assembly
- Completed reload, in  0.834 seconds
Platform modules already initialized, skipping
Refreshing native plugins compatible for Editor in 0.39 ms, found 2 plugins.
Preloading 0 native plugins for Editor in 0.00 ms.
Unloading 1488 Unused Serialized files (Serialized files now loaded: 0)
System memory in use before: 72.1 MB.
System memory in use after: 72.2 MB.

Unloading 13 unused Assets to reduce memory usage. Loaded Objects now: 1959.
Total: 1.844500 ms (FindLiveObjects: 0.186000 ms CreateObjectMapping: 0.035300 ms MarkObjects: 1.607700 ms  DeleteObjects: 0.014300 ms)

========================================================================
Received Prepare
Registering precompiled user dll's ...
Registered in 0.002317 seconds.
Begin MonoManager ReloadAssembly
Native extension for WindowsStandalone target not found
Native extension for WebGL target not found
Refreshing native plugins compatible for Editor in 0.42 ms, found 2 plugins.
Preloading 0 native plugins for Editor in 0.00 ms.
Mono: successfully reloaded assembly
- Completed reload, in  0.798 seconds
Platform modules already initialized, skipping
Refreshing native plugins compatible for Editor in 0.39 ms, found 2 plugins.
Preloading 0 native plugins for Editor in 0.00 ms.
Unloading 1488 Unused Serialized files (Serialized files now loaded: 0)
System memory in use before: 72.1 MB.
System memory in use after: 72.2 MB.

Unloading 13 unused Assets to reduce memory usage. Loaded Objects now: 1962.
Total: 1.927200 ms (FindLiveObjects: 0.187400 ms CreateObjectMapping: 0.036400 ms MarkObjects: 1.680700 ms  DeleteObjects: 0.021200 ms)

========================================================================
Received Prepare
Registering precompiled user dll's ...
Registered in 0.002229 seconds.
Begin MonoManager ReloadAssembly
Native extension for WindowsStandalone target not found
Native extension for WebGL target not found
Refreshing native plugins compatible for Editor in 0.41 ms, found 2 plugins.
Preloading 0 native plugins for Editor in 0.00 ms.
Mono: successfully reloaded assembly
- Completed reload, in  0.803 seconds
Platform modules already initialized, skipping
Refreshing native plugins compatible for Editor in 0.44 ms, found 2 plugins.
Preloading 0 native plugins for Editor in 0.00 ms.
Unloading 1488 Unused Serialized files (Serialized files now loaded: 0)
System memory in use before: 72.1 MB.
System memory in use after: 72.2 MB.

Unloading 13 unused Assets to reduce memory usage. Loaded Objects now: 1965.
Total: 1.904400 ms (FindLiveObjects: 0.174200 ms CreateObjectMapping: 0.036500 ms MarkObjects: 1.674300 ms  DeleteObjects: 0.017800 ms)

========================================================================
Received Prepare
Registering precompiled user dll's ...
Registered in 0.002317 seconds.
Begin MonoManager ReloadAssembly
Native extension for WindowsStandalone target not found
Native extension for WebGL target not found
Refreshing native plugins compatible for Editor in 0.39 ms, found 2 plugins.
Preloading 0 native plugins for Editor in 0.00 ms.
Mono: successfully reloaded assembly
- Completed reload, in  0.779 seconds
Platform modules already initialized, skipping
Refreshing native plugins compatible for Editor in 0.39 ms, found 2 plugins.
Preloading 0 native plugins for Editor in 0.00 ms.
Unloading 1488 Unused Serialized files (Serialized files now loaded: 0)
System memory in use before: 72.1 MB.
System memory in use after: 72.2 MB.

Unloading 13 unused Assets to reduce memory usage. Loaded Objects now: 1968.
Total: 1.912000 ms (FindLiveObjects: 0.202300 ms CreateObjectMapping: 0.035400 ms MarkObjects: 1.655700 ms  DeleteObjects: 0.017500 ms)

========================================================================
Received Prepare
Registering precompiled user dll's ...
Registered in 0.002504 seconds.
Begin MonoManager ReloadAssembly
Native extension for WindowsStandalone target not found
Native extension for WebGL target not found
Refreshing native plugins compatible for Editor in 0.42 ms, found 2 plugins.
Preloading 0 native plugins for Editor in 0.00 ms.
Mono: successfully reloaded assembly
- Completed reload, in  0.868 seconds
Platform modules already initialized, skipping
Refreshing native plugins compatible for Editor in 0.40 ms, found 2 plugins.
Preloading 0 native plugins for Editor in 0.00 ms.
Unloading 1488 Unused Serialized files (Serialized files now loaded: 0)
System memory in use before: 72.1 MB.
System memory in use after: 72.2 MB.

Unloading 13 unused Assets to reduce memory usage. Loaded Objects now: 1971.
Total: 1.769100 ms (FindLiveObjects: 0.192800 ms CreateObjectMapping: 0.032800 ms MarkObjects: 1.529400 ms  DeleteObjects: 0.013300 ms)

========================================================================
Received Prepare
Refreshing native plugins compatible for Editor in 2.09 ms, found 2 plugins.
Preloading 0 native plugins for Editor in 0.00 ms.
Unloading 12 Unused Serialized files (Serialized files now loaded: 0)
System memory in use before: 42.9 MB.
System memory in use after: 43.0 MB.

Unloading 11 unused Assets to reduce memory usage. Loaded Objects now: 1971.
Total: 2.148700 ms (FindLiveObjects: 0.176300 ms CreateObjectMapping: 0.032100 ms MarkObjects: 1.920200 ms  DeleteObjects: 0.019200 ms)

========================================================================
Received Prepare
Registering precompiled user dll's ...
Registered in 0.008599 seconds.
Begin MonoManager ReloadAssembly
Native extension for WindowsStandalone target not found
Native extension for WebGL target not found
Refreshing native plugins compatible for Editor in 0.45 ms, found 2 plugins.
Preloading 0 native plugins for Editor in 0.00 ms.
Mono: successfully reloaded assembly
- Completed reload, in  0.928 seconds
Platform modules already initialized, skipping
Refreshing native plugins compatible for Editor in 0.38 ms, found 2 plugins.
Preloading 0 native plugins for Editor in 0.00 ms.
Unloading 1488 Unused Serialized files (Serialized files now loaded: 0)
System memory in use before: 72.1 MB.
System memory in use after: 72.2 MB.

Unloading 13 unused Assets to reduce memory usage. Loaded Objects now: 1974.
Total: 2.123700 ms (FindLiveObjects: 0.179700 ms CreateObjectMapping: 0.037100 ms MarkObjects: 1.888600 ms  DeleteObjects: 0.017000 ms)

========================================================================
Received Import Request.
  Time since last request: 914.989850 seconds.
  path: Assets/2D Platformer Assets/Graphics/UI/Title.png
  artifactKey: Guid(930174776090fdf4491235becb10dbcd) Importer(815301076,1909f56bfc062723c751e8b465ee728b)
Start importing Assets/2D Platformer Assets/Graphics/UI/Title.png using Guid(930174776090fdf4491235becb10dbcd) Importer(815301076,1909f56bfc062723c751e8b465ee728b)  -> (artifact id: '32e50a8df49c42887a3030d773172cc2') in 0.088614 seconds
  Import took 0.091262 seconds .

========================================================================
Received Import Request.
  Time since last request: 0.001827 seconds.
  path: Assets/2D Platformer Assets/Graphics/UI/Title.png
  artifactKey: Guid(930174776090fdf4491235becb10dbcd) Importer(815301076,1909f56bfc062723c751e8b465ee728b)
Start importing Assets/2D Platformer Assets/Graphics/UI/Title.png using Guid(930174776090fdf4491235becb10dbcd) Importer(815301076,1909f56bfc062723c751e8b465ee728b)  -> (artifact id: '32e50a8df49c42887a3030d773172cc2') in 0.010099 seconds
  Import took 0.012630 seconds .

========================================================================
Received Import Request.
  Time since last request: 317.805771 seconds.
  path: Assets/2D Platformer Assets/Graphics/UI
  artifactKey: Guid(6aee35f768235e54e93b8e9c30bde214) Importer(815301076,1909f56bfc062723c751e8b465ee728b)
Start importing Assets/2D Platformer Assets/Graphics/UI using Guid(6aee35f768235e54e93b8e9c30bde214) Importer(815301076,1909f56bfc062723c751e8b465ee728b)  -> (artifact id: 'a5644a48a2c7d9694032317659fff2fe') in 0.007111 seconds
  Import took 0.009680 seconds .

========================================================================
Received Import Request.
  Time since last request: 0.059331 seconds.
  path: Assets/2D Platformer Assets/Graphics/UI/UI_Buttons_1_Normal.png
  artifactKey: Guid(8e4df7a5423f8d64fbfdb075f7ffe9b7) Importer(815301076,1909f56bfc062723c751e8b465ee728b)
Start importing Assets/2D Platformer Assets/Graphics/UI/UI_Buttons_1_Normal.png using Guid(8e4df7a5423f8d64fbfdb075f7ffe9b7) Importer(815301076,1909f56bfc062723c751e8b465ee728b)  -> (artifact id: 'ed3c9dfe59516a987992c143e6d97a57') in 0.022978 seconds
  Import took 0.025593 seconds .

========================================================================
Received Import Request.
  Time since last request: 0.000174 seconds.
  path: Assets/2D Platformer Assets/Graphics/UI/UI_Heart.png
  artifactKey: Guid(d9a616f95048ea84e8fc6f7920f846b8) Importer(815301076,1909f56bfc062723c751e8b465ee728b)
Start importing Assets/2D Platformer Assets/Graphics/UI/UI_Heart.png using Guid(d9a616f95048ea84e8fc6f7920f846b8) Importer(815301076,1909f56bfc062723c751e8b465ee728b)  -> (artifact id: 'a825f35eb9bf5a0f3570d5056476870a') in 0.015867 seconds
  Import took 0.018233 seconds .

========================================================================
Received Import Request.
  Time since last request: 0.000197 seconds.
  path: Assets/2D Platformer Assets/Graphics/UI/UI_Buttons_3_Pressed.png
  artifactKey: Guid(3350a212bc3240a4a9dd25f6a4424f10) Importer(815301076,1909f56bfc062723c751e8b465ee728b)
Start importing Assets/2D Platformer Assets/Graphics/UI/UI_Buttons_3_Pressed.png using Guid(3350a212bc3240a4a9dd25f6a4424f10) Importer(815301076,1909f56bfc062723c751e8b465ee728b)  -> (artifact id: '830e9b4cd4491d1830a0ddde099bbd05') in 0.017538 seconds
  Import took 0.020270 seconds .

========================================================================
Received Import Request.
  Time since last request: 0.000175 seconds.
  path: Assets/2D Platformer Assets/Graphics/UI/Victory.png
  artifactKey: Guid(8663534fb4c12ac4990946c3077fa2e4) Importer(815301076,1909f56bfc062723c751e8b465ee728b)
Start importing Assets/2D Platformer Assets/Graphics/UI/Victory.png using Guid(8663534fb4c12ac4990946c3077fa2e4) Importer(815301076,1909f56bfc062723c751e8b465ee728b)  -> (artifact id: '9efd5253237adbf6bd94a13d203b2af2') in 0.016900 seconds
  Import took 0.019706 seconds .

========================================================================
Received Import Request.
  Time since last request: 0.000160 seconds.
  path: Assets/2D Platformer Assets/Graphics/UI/UI_Buttons_2_Highlighted.png
  artifactKey: Guid(8e33aa6c6f939eb4c875676c3dbe94b7) Importer(815301076,1909f56bfc062723c751e8b465ee728b)
Start importing Assets/2D Platformer Assets/Graphics/UI/UI_Buttons_2_Highlighted.png using Guid(8e33aa6c6f939eb4c875676c3dbe94b7) Importer(815301076,1909f56bfc062723c751e8b465ee728b)  -> (artifact id: 'd7ffb146cbe9f6d8404b85b92caddf63') in 0.011182 seconds
  Import took 0.013422 seconds .

========================================================================
Received Import Request.
  Time since last request: 0.000173 seconds.
  path: Assets/2D Platformer Assets/Graphics/UI/UI_Panel.png
  artifactKey: Guid(f3fced62e3ef9044bbb6284d4567b780) Importer(815301076,1909f56bfc062723c751e8b465ee728b)
Start importing Assets/2D Platformer Assets/Graphics/UI/UI_Panel.png using Guid(f3fced62e3ef9044bbb6284d4567b780) Importer(815301076,1909f56bfc062723c751e8b465ee728b)  -> (artifact id: '3c6aa2932b52d4dad1a84cd4df20f32b') in 0.011257 seconds
  Import took 0.013606 seconds .

========================================================================
Received Import Request.
  Time since last request: 8.224991 seconds.
  path: Assets/2D Platformer Assets/Graphics/UI/Title.png
  artifactKey: Guid(930174776090fdf4491235becb10dbcd) Importer(815301076,1909f56bfc062723c751e8b465ee728b)
Start importing Assets/2D Platformer Assets/Graphics/UI/Title.png using Guid(930174776090fdf4491235becb10dbcd) Importer(815301076,1909f56bfc062723c751e8b465ee728b)  -> (artifact id: '330ae4624577c6cb46be65ca099507fe') in 0.011669 seconds
  Import took 0.014281 seconds .

========================================================================
Received Import Request.
  Time since last request: 4.337645 seconds.
  path: Assets/2D Platformer Assets/Graphics/UI/Title.png
  artifactKey: Guid(930174776090fdf4491235becb10dbcd) Importer(815301076,1909f56bfc062723c751e8b465ee728b)
Start importing Assets/2D Platformer Assets/Graphics/UI/Title.png using Guid(930174776090fdf4491235becb10dbcd) Importer(815301076,1909f56bfc062723c751e8b465ee728b)  -> (artifact id: '5d96c40249397f4001eed05a5a8a07ee') in 0.013072 seconds
  Import took 0.015891 seconds .

========================================================================
Received Import Request.
  Time since last request: 4.016122 seconds.
  path: Assets/2D Platformer Assets/Graphics/UI/Title.png
  artifactKey: Guid(930174776090fdf4491235becb10dbcd) Importer(815301076,1909f56bfc062723c751e8b465ee728b)
Start importing Assets/2D Platformer Assets/Graphics/UI/Title.png using Guid(930174776090fdf4491235becb10dbcd) Importer(815301076,1909f56bfc062723c751e8b465ee728b)  -> (artifact id: '8d9207a9ee2e172309c375dd9add7abb') in 0.013056 seconds
  Import took 0.015935 seconds .

========================================================================
Received Import Request.
  Time since last request: 0.004941 seconds.
  path: Assets/2D Platformer Assets/Graphics/UI/Title.png
  artifactKey: Guid(930174776090fdf4491235becb10dbcd) Importer(815301076,1909f56bfc062723c751e8b465ee728b)
Start importing Assets/2D Platformer Assets/Graphics/UI/Title.png using Guid(930174776090fdf4491235becb10dbcd) Importer(815301076,1909f56bfc062723c751e8b465ee728b)  -> (artifact id: '8d9207a9ee2e172309c375dd9add7abb') in 0.018050 seconds
  Import took 0.020661 seconds .

========================================================================
Received Prepare
Registering precompiled user dll's ...
Registered in 0.002678 seconds.
Begin MonoManager ReloadAssembly
Native extension for WindowsStandalone target not found
Native extension for WebGL target not found
Refreshing native plugins compatible for Editor in 0.42 ms, found 2 plugins.
Preloading 0 native plugins for Editor in 0.00 ms.
Mono: successfully reloaded assembly
- Completed reload, in  0.939 seconds
Platform modules already initialized, skipping
Refreshing native plugins compatible for Editor in 0.45 ms, found 2 plugins.
Preloading 0 native plugins for Editor in 0.00 ms.
Unloading 1488 Unused Serialized files (Serialized files now loaded: 0)
System memory in use before: 72.2 MB.
System memory in use after: 72.3 MB.

Unloading 13 unused Assets to reduce memory usage. Loaded Objects now: 1986.
Total: 2.448100 ms (FindLiveObjects: 0.203600 ms CreateObjectMapping: 0.036000 ms MarkObjects: 2.186300 ms  DeleteObjects: 0.020600 ms)

========================================================================
Received Prepare
Refreshing native plugins compatible for Editor in 2.00 ms, found 2 plugins.
Preloading 0 native plugins for Editor in 0.00 ms.
Unloading 12 Unused Serialized files (Serialized files now loaded: 0)
System memory in use before: 43.0 MB.
System memory in use after: 43.1 MB.

Unloading 11 unused Assets to reduce memory usage. Loaded Objects now: 1986.
Total: 2.172000 ms (FindLiveObjects: 0.181500 ms CreateObjectMapping: 0.035100 ms MarkObjects: 1.937400 ms  DeleteObjects: 0.016900 ms)

========================================================================
Received Import Request.
  Time since last request: 984.003231 seconds.
  path: Assets/Scripts/AudioManager.cs
  artifactKey: Guid(04a46a8be3c6846419154de60fbc4f08) Importer(815301076,1909f56bfc062723c751e8b465ee728b)
Start importing Assets/Scripts/AudioManager.cs using Guid(04a46a8be3c6846419154de60fbc4f08) Importer(815301076,1909f56bfc062723c751e8b465ee728b)  -> (artifact id: 'c6bbb1596957b98c514564ff63bc3c82') in 0.010963 seconds
  Import took 0.013745 seconds .

========================================================================
Received Import Request.
  Time since last request: 0.019183 seconds.
  path: Assets/Scripts/AudioManager.cs
  artifactKey: Guid(04a46a8be3c6846419154de60fbc4f08) Importer(815301076,1909f56bfc062723c751e8b465ee728b)
Start importing Assets/Scripts/AudioManager.cs using Guid(04a46a8be3c6846419154de60fbc4f08) Importer(815301076,1909f56bfc062723c751e8b465ee728b)  -> (artifact id: 'c6bbb1596957b98c514564ff63bc3c82') in 0.001693 seconds
  Import took 0.004189 seconds .

========================================================================
Received Prepare
Registering precompiled user dll's ...
Registered in 0.002317 seconds.
Begin MonoManager ReloadAssembly
Native extension for WindowsStandalone target not found
Native extension for WebGL target not found
Refreshing native plugins compatible for Editor in 0.41 ms, found 2 plugins.
Preloading 0 native plugins for Editor in 0.00 ms.
Mono: successfully reloaded assembly
- Completed reload, in  0.832 seconds
Platform modules already initialized, skipping
Refreshing native plugins compatible for Editor in 0.39 ms, found 2 plugins.
Preloading 0 native plugins for Editor in 0.00 ms.
Unloading 1488 Unused Serialized files (Serialized files now loaded: 0)
System memory in use before: 72.2 MB.
System memory in use after: 72.3 MB.

Unloading 13 unused Assets to reduce memory usage. Loaded Objects now: 1989.
Total: 2.121700 ms (FindLiveObjects: 0.271400 ms CreateObjectMapping: 0.168700 ms MarkObjects: 1.658900 ms  DeleteObjects: 0.021500 ms)

========================================================================
Received Import Request.
  Time since last request: 23.615124 seconds.
  path: Assets/Scripts/AudioManager.cs
  artifactKey: Guid(04a46a8be3c6846419154de60fbc4f08) Importer(815301076,1909f56bfc062723c751e8b465ee728b)
Start importing Assets/Scripts/AudioManager.cs using Guid(04a46a8be3c6846419154de60fbc4f08) Importer(815301076,1909f56bfc062723c751e8b465ee728b)  -> (artifact id: 'a959bb76679a7af6db55fbf1a94f450a') in 0.007249 seconds
  Import took 0.009703 seconds .

========================================================================
Received Import Request.
  Time since last request: 3.035410 seconds.
  path: Assets/Scripts/BossTankHitBox.cs
  artifactKey: Guid(072969ec884b8a14994fbf08182ead43) Importer(815301076,1909f56bfc062723c751e8b465ee728b)
Start importing Assets/Scripts/BossTankHitBox.cs using Guid(072969ec884b8a14994fbf08182ead43) Importer(815301076,1909f56bfc062723c751e8b465ee728b)  -> (artifact id: '1c9c75775fcf45d54e2d7ac9a69bf79c') in 0.005587 seconds
  Import took 0.008088 seconds .

========================================================================
Received Import Request.
  Time since last request: 0.001796 seconds.
  path: Assets/Scripts/BossTankHitBox.cs
  artifactKey: Guid(072969ec884b8a14994fbf08182ead43) Importer(815301076,1909f56bfc062723c751e8b465ee728b)
Start importing Assets/Scripts/BossTankHitBox.cs using Guid(072969ec884b8a14994fbf08182ead43) Importer(815301076,1909f56bfc062723c751e8b465ee728b)  -> (artifact id: '1c9c75775fcf45d54e2d7ac9a69bf79c') in 0.001809 seconds
  Import took 0.004374 seconds .

========================================================================
Received Import Request.
  Time since last request: 0.422443 seconds.
  path: Assets/Scripts/LevelExit.cs
  artifactKey: Guid(990d76f7e549e1748b188ded4d9b7f8a) Importer(815301076,1909f56bfc062723c751e8b465ee728b)
Start importing Assets/Scripts/LevelExit.cs using Guid(990d76f7e549e1748b188ded4d9b7f8a) Importer(815301076,1909f56bfc062723c751e8b465ee728b)  -> (artifact id: '38dcb51413c65a675d02ed056e79ed6c') in 0.005387 seconds
  Import took 0.008307 seconds .

========================================================================
Received Import Request.
  Time since last request: 0.000350 seconds.
  path: Assets/Scripts/LevelExit.cs
  artifactKey: Guid(990d76f7e549e1748b188ded4d9b7f8a) Importer(815301076,1909f56bfc062723c751e8b465ee728b)
Start importing Assets/Scripts/LevelExit.cs using Guid(990d76f7e549e1748b188ded4d9b7f8a) Importer(815301076,1909f56bfc062723c751e8b465ee728b)  -> (artifact id: '38dcb51413c65a675d02ed056e79ed6c') in 0.001488 seconds
  Import took 0.003959 seconds .

========================================================================
Received Import Request.
  Time since last request: 0.363551 seconds.
  path: Assets/Scripts/PlayerController.cs
  artifactKey: Guid(9772716ffa6cce643899aac0228c30d7) Importer(815301076,1909f56bfc062723c751e8b465ee728b)
Start importing Assets/Scripts/PlayerController.cs using Guid(9772716ffa6cce643899aac0228c30d7) Importer(815301076,1909f56bfc062723c751e8b465ee728b)  -> (artifact id: '29f728ba14be79bba505fd7112969412') in 0.005218 seconds
  Import took 0.007849 seconds .

